2026-05-06 11:25:18,940 [feishu] INFO 日志已重定向到文件: C:\Users\Administrator\AppData\Roaming\winclaw\.openclaw\workspace\smart_learning\feishu\feishu_server.log
2026-05-06 11:25:18,966 [feishu] INFO 飞书 Webhook 服务器启动: http://0.0.0.0:9900/feishu/webhook
2026-05-06 11:25:18,966 [feishu] INFO 健康检查: http://0.0.0.0:9900/feishu/health
2026-05-06 11:25:28,918 [feishu] INFO 飞书应用验证(GET): challenge=test_challenge_12345
2026-05-06 11:25:38,857 [feishu] INFO 日志已重定向到文件: C:\Users\Administrator\AppData\Roaming\winclaw\.openclaw\workspace\smart_learning\feishu\feishu_server.log
2026-05-06 11:25:38,886 [feishu] INFO 飞书 Webhook 服务器启动: http://0.0.0.0:9900/feishu/webhook
2026-05-06 11:25:38,886 [feishu] INFO 健康检查: http://0.0.0.0:9900/feishu/health
2026-05-06 11:25:54,995 [feishu] INFO 日志已重定向到文件: C:\Users\Administrator\AppData\Roaming\winclaw\.openclaw\workspace\smart_learning\feishu\feishu_server.log
2026-05-06 11:25:55,024 [feishu] INFO 飞书 Webhook 服务器启动: http://0.0.0.0:9900/feishu/webhook
2026-05-06 11:25:55,024 [feishu] INFO 健康检查: http://0.0.0.0:9900/feishu/health
2026-05-06 11:26:12,840 [feishu] INFO 日志已重定向到文件: C:\Users\Administrator\AppData\Roaming\winclaw\.openclaw\workspace\smart_learning\feishu\feishu_server.log
2026-05-06 11:26:12,868 [feishu] INFO 飞书 Webhook 服务器启动: http://0.0.0.0:9900/feishu/webhook
2026-05-06 11:26:12,868 [feishu] INFO 健康检查: http://0.0.0.0:9900/feishu/health
2026-05-06 11:26:33,573 [feishu] INFO 日志已重定向到文件: C:\Users\Administrator\AppData\Roaming\winclaw\.openclaw\workspace\smart_learning\feishu\feishu_server.log
2026-05-06 11:26:33,611 [feishu] INFO 飞书 Webhook 服务器启动: http://0.0.0.0:9900/feishu/webhook
2026-05-06 11:26:33,611 [feishu] INFO 健康检查: http://0.0.0.0:9900/feishu/health
2026-05-06 11:26:46,312 [feishu] INFO 飞书应用验证(GET): challenge=test_challenge_12345
2026-05-06 11:26:48,348 [feishu] INFO 飞书应用验证(POST): challenge=test_challenge_67890
2026-05-06 11:26:50,377 [feishu] ERROR do_POST 异常: [Errno 2] No such file or directory: 'C:\\Users\\Administrator\\AppData\\Roaming\\winclaw\\.openclaw\\workspace\\smart_learning\\smart_learning\\feishu\\config.json'
Traceback (most recent call last):
  File "C:\Users\Administrator\AppData\Roaming\winclaw\.openclaw\workspace\smart_learning\feishu\adapter.py", line 248, in do_POST
    config = load_config()
             ^^^^^^^^^^^^^
  File "C:\Users\Administrator\AppData\Roaming\winclaw\.openclaw\workspace\smart_learning\feishu\adapter.py", line 49, in load_config
    with open(CONFIG_FILE, 'r', encoding='utf-8') as f:
         ^^^^^^^^^^^^^^^^^^^^^^^^^^^^^^^^^^^^^^^^
FileNotFoundError: [Errno 2] No such file or directory: 'C:\\Users\\Administrator\\AppData\\Roaming\\winclaw\\.openclaw\\workspace\\smart_learning\\smart_learning\\feishu\\config.json'
2026-05-06 11:28:19,946 [feishu] INFO 日志已重定向到文件: C:\Users\Administrator\AppData\Roaming\winclaw\.openclaw\workspace\smart_learning\feishu\feishu_server.log
2026-05-06 11:28:19,977 [feishu] INFO 飞书 Webhook 服务器启动: http://0.0.0.0:9900/feishu/webhook
2026-05-06 11:28:19,979 [feishu] INFO 健康检查: http://0.0.0.0:9900/feishu/health
2026-05-06 11:29:28,224 [feishu] INFO 日志已重定向到文件: C:\Users\Administrator\AppData\Roaming\winclaw\.openclaw\workspace\smart_learning\feishu\feishu_server.log
2026-05-06 11:29:28,224 [feishu] INFO FEISHU_DIR=C:\Users\Administrator\AppData\Roaming\winclaw\.openclaw\workspace\smart_learning\feishu
2026-05-06 11:29:28,224 [feishu] INFO BASE_DIR=C:\Users\Administrator\AppData\Roaming\winclaw\.openclaw\workspace\smart_learning
2026-05-06 11:29:28,224 [feishu] INFO CONFIG_FILE=C:\Users\Administrator\AppData\Roaming\winclaw\.openclaw\workspace\smart_learning\feishu\config.json
2026-05-06 11:29:28,250 [feishu] INFO 飞书 Webhook 服务器启动: http://0.0.0.0:9900/feishu/webhook
2026-05-06 11:29:28,252 [feishu] INFO 健康检查: http://0.0.0.0:9900/feishu/health
2026-05-06 11:30:00,891 [feishu] INFO 飞书应用验证(GET): challenge=test_challenge_12345
2026-05-06 11:30:00,892 [feishu] INFO "GET /feishu/webhook?challenge=test_challenge_12345 HTTP/1.1" 200 -
2026-05-06 11:30:02,929 [feishu] INFO 飞书应用验证(POST): challenge=test_challenge_67890
2026-05-06 11:30:02,930 [feishu] INFO "POST /feishu/webhook HTTP/1.1" 200 -
2026-05-06 11:30:04,970 [feishu] WARNING 飞书事件签名验证失败
2026-05-06 11:30:04,970 [feishu] INFO "POST /feishu/webhook HTTP/1.1" 403 -
2026-05-06 11:30:31,641 [feishu] INFO 日志已重定向到文件: C:\Users\Administrator\AppData\Roaming\winclaw\.openclaw\workspace\smart_learning\feishu\feishu_server.log
2026-05-06 11:30:31,641 [feishu] INFO FEISHU_DIR=C:\Users\Administrator\AppData\Roaming\winclaw\.openclaw\workspace\smart_learning\feishu
2026-05-06 11:30:31,641 [feishu] INFO BASE_DIR=C:\Users\Administrator\AppData\Roaming\winclaw\.openclaw\workspace\smart_learning
2026-05-06 11:30:31,641 [feishu] INFO CONFIG_FILE=C:\Users\Administrator\AppData\Roaming\winclaw\.openclaw\workspace\smart_learning\feishu\config.json
2026-05-06 11:30:31,669 [feishu] INFO 飞书 Webhook 服务器启动: http://0.0.0.0:9900/feishu/webhook
2026-05-06 11:30:31,669 [feishu] INFO 健康检查: http://0.0.0.0:9900/feishu/health
2026-05-06 11:30:50,481 [feishu] INFO 飞书应用验证(GET): challenge=test_challenge_12345
2026-05-06 11:30:50,482 [feishu] INFO "GET /feishu/webhook?challenge=test_challenge_12345 HTTP/1.1" 200 -
2026-05-06 11:30:52,519 [feishu] INFO 飞书应用验证(POST): challenge=test_challenge_67890
2026-05-06 11:30:52,519 [feishu] INFO "POST /feishu/webhook HTTP/1.1" 200 -
2026-05-06 11:30:54,557 [feishu] WARNING 飞书事件签名验证失败
2026-05-06 11:30:54,557 [feishu] INFO "POST /feishu/webhook HTTP/1.1" 403 -
2026-05-06 12:04:19,594 [feishu] WARNING 飞书事件签名验证失败
2026-05-06 12:04:19,594 [feishu] INFO "POST /feishu/webhook HTTP/1.1" 403 -
2026-05-06 12:06:26,061 [feishu] INFO 飞书应用验证(GET): challenge=test123
2026-05-06 12:06:26,061 [feishu] INFO "GET /feishu/webhook?challenge=test123 HTTP/1.1" 200 -
2026-05-06 12:06:28,094 [feishu] INFO 飞书应用验证(POST): challenge=verify_challenge_abc
2026-05-06 12:06:28,094 [feishu] INFO "POST /feishu/webhook HTTP/1.1" 200 -
2026-05-06 12:19:41,454 [feishu] INFO 飞书应用验证(GET): challenge=test_challenge
2026-05-06 12:19:41,454 [feishu] INFO "GET /feishu/webhook?challenge=test_challenge HTTP/1.1" 200 -
2026-05-06 12:19:41,477 [feishu] INFO 飞书应用验证(POST): challenge=verify_test_123
2026-05-06 12:19:41,477 [feishu] INFO "POST /feishu/webhook HTTP/1.1" 200 -
2026-05-06 12:44:46,274 [feishu] WARNING 飞书事件签名验证失败
2026-05-06 12:44:46,274 [feishu] INFO "POST /feishu/webhook HTTP/1.1" 403 -
2026-05-06 12:45:08,207 [feishu] WARNING 飞书事件签名验证失败
2026-05-06 12:45:08,207 [feishu] INFO "POST /feishu/webhook HTTP/1.1" 403 -
2026-05-06 12:46:23,094 [feishu] WARNING 飞书事件签名验证失败
2026-05-06 12:46:23,094 [feishu] INFO "POST /feishu/webhook HTTP/1.1" 403 -
2026-05-06 13:29:20,440 [feishu] WARNING 飞书事件签名验证失败
2026-05-06 13:29:20,440 [feishu] INFO "POST /feishu/webhook HTTP/1.1" 403 -
2026-05-06 13:29:53,371 [feishu] WARNING 飞书事件签名验证失败
2026-05-06 13:29:53,371 [feishu] INFO "POST /feishu/webhook HTTP/1.1" 403 -
2026-05-06 13:30:04,505 [feishu] WARNING 飞书事件签名验证失败
2026-05-06 13:30:04,505 [feishu] INFO "POST /feishu/webhook HTTP/1.1" 403 -
2026-05-06 13:30:31,004 [feishu] WARNING 飞书事件签名验证失败
2026-05-06 13:30:31,004 [feishu] INFO "POST /feishu/webhook HTTP/1.1" 403 -
2026-05-06 13:30:51,683 [feishu] WARNING 飞书事件签名验证失败
2026-05-06 13:30:51,685 [feishu] INFO "POST /feishu/webhook HTTP/1.1" 403 -
2026-05-06 13:31:28,588 [feishu] INFO "GET /feishu/health?challenge=test_external HTTP/1.1" 404 -
2026-05-06 13:31:54,110 [feishu] INFO 飞书应用验证(GET): challenge=test_from_net
2026-05-06 13:31:54,112 [feishu] INFO "GET /feishu/webhook?challenge=test_from_net HTTP/1.1" 200 -
2026-05-06 13:32:12,092 [feishu] INFO 日志已重定向到文件: C:\Users\Administrator\AppData\Roaming\winclaw\.openclaw\workspace\smart_learning\feishu\feishu_server.log
2026-05-06 13:32:12,093 [feishu] INFO FEISHU_DIR=C:\Users\Administrator\AppData\Roaming\winclaw\.openclaw\workspace\smart_learning\feishu
2026-05-06 13:32:12,094 [feishu] INFO BASE_DIR=C:\Users\Administrator\AppData\Roaming\winclaw\.openclaw\workspace\smart_learning
2026-05-06 13:32:12,094 [feishu] INFO CONFIG_FILE=C:\Users\Administrator\AppData\Roaming\winclaw\.openclaw\workspace\smart_learning\feishu\config.json
2026-05-06 13:32:12,134 [feishu] INFO 飞书 Webhook 服务器启动: http://0.0.0.0:9900/feishu/webhook
2026-05-06 13:32:12,135 [feishu] INFO 健康检查: http://0.0.0.0:9900/feishu/health
2026-05-06 13:33:07,420 [feishu] INFO 日志已重定向到文件: C:\Users\Administrator\AppData\Roaming\winclaw\.openclaw\workspace\smart_learning\feishu\feishu_server.log
2026-05-06 13:33:07,420 [feishu] INFO FEISHU_DIR=C:\Users\Administrator\AppData\Roaming\winclaw\.openclaw\workspace\smart_learning\feishu
2026-05-06 13:33:07,422 [feishu] INFO BASE_DIR=C:\Users\Administrator\AppData\Roaming\winclaw\.openclaw\workspace\smart_learning
2026-05-06 13:33:07,422 [feishu] INFO CONFIG_FILE=C:\Users\Administrator\AppData\Roaming\winclaw\.openclaw\workspace\smart_learning\feishu\config.json
2026-05-06 13:33:07,477 [feishu] INFO 飞书 Webhook 服务器启动: http://0.0.0.0:9900/feishu/webhook
2026-05-06 13:33:07,477 [feishu] INFO 健康检查: http://0.0.0.0:9900/feishu/health
2026-05-06 13:33:10,466 [feishu] INFO "GET /feishu/health HTTP/1.1" 200 -
2026-05-06 13:34:57,384 [feishu] INFO 日志已重定向到文件: C:\Users\Administrator\AppData\Roaming\winclaw\.openclaw\workspace\smart_learning\feishu\feishu_server.log
2026-05-06 13:34:57,384 [feishu] INFO FEISHU_DIR=C:\Users\Administrator\AppData\Roaming\winclaw\.openclaw\workspace\smart_learning\feishu
2026-05-06 13:34:57,385 [feishu] INFO BASE_DIR=C:\Users\Administrator\AppData\Roaming\winclaw\.openclaw\workspace\smart_learning
2026-05-06 13:34:57,385 [feishu] INFO CONFIG_FILE=C:\Users\Administrator\AppData\Roaming\winclaw\.openclaw\workspace\smart_learning\feishu\config.json
2026-05-06 13:34:57,433 [feishu] INFO 飞书 Webhook 服务器启动: http://0.0.0.0:9900/feishu/webhook
2026-05-06 13:34:57,435 [feishu] INFO 健康检查: http://0.0.0.0:9900/feishu/health
2026-05-06 13:35:43,999 [feishu] INFO 日志已重定向到文件: C:\Users\Administrator\AppData\Roaming\winclaw\.openclaw\workspace\smart_learning\feishu\feishu_server.log
2026-05-06 13:35:43,999 [feishu] INFO FEISHU_DIR=C:\Users\Administrator\AppData\Roaming\winclaw\.openclaw\workspace\smart_learning\feishu
2026-05-06 13:35:43,999 [feishu] INFO BASE_DIR=C:\Users\Administrator\AppData\Roaming\winclaw\.openclaw\workspace\smart_learning
2026-05-06 13:35:43,999 [feishu] INFO CONFIG_FILE=C:\Users\Administrator\AppData\Roaming\winclaw\.openclaw\workspace\smart_learning\feishu\config.json
2026-05-06 13:35:44,026 [feishu] INFO 飞书 Webhook 服务器启动: http://0.0.0.0:9900/feishu/webhook
2026-05-06 13:35:44,026 [feishu] INFO 健康检查: http://0.0.0.0:9900/feishu/health
2026-05-06 13:36:08,259 [feishu] INFO 日志已重定向到文件: C:\Users\Administrator\AppData\Roaming\winclaw\.openclaw\workspace\smart_learning\feishu\feishu_server.log
2026-05-06 13:36:08,261 [feishu] INFO FEISHU_DIR=C:\Users\Administrator\AppData\Roaming\winclaw\.openclaw\workspace\smart_learning\feishu
2026-05-06 13:36:08,261 [feishu] INFO BASE_DIR=C:\Users\Administrator\AppData\Roaming\winclaw\.openclaw\workspace\smart_learning
2026-05-06 13:36:08,261 [feishu] INFO CONFIG_FILE=C:\Users\Administrator\AppData\Roaming\winclaw\.openclaw\workspace\smart_learning\feishu\config.json
2026-05-06 13:37:53,939 [feishu] INFO 日志已重定向到文件: C:\Users\Administrator\AppData\Roaming\winclaw\.openclaw\workspace\smart_learning\feishu\feishu_server.log
2026-05-06 13:37:53,939 [feishu] INFO FEISHU_DIR=C:\Users\Administrator\AppData\Roaming\winclaw\.openclaw\workspace\smart_learning\feishu
2026-05-06 13:37:53,939 [feishu] INFO BASE_DIR=C:\Users\Administrator\AppData\Roaming\winclaw\.openclaw\workspace\smart_learning
2026-05-06 13:37:53,939 [feishu] INFO CONFIG_FILE=C:\Users\Administrator\AppData\Roaming\winclaw\.openclaw\workspace\smart_learning\feishu\config.json
2026-05-06 13:38:24,259 [feishu] INFO 日志已重定向到文件: C:\Users\Administrator\AppData\Roaming\winclaw\.openclaw\workspace\smart_learning\feishu\feishu_server.log
2026-05-06 13:38:24,259 [feishu] INFO FEISHU_DIR=C:\Users\Administrator\AppData\Roaming\winclaw\.openclaw\workspace\smart_learning\feishu
2026-05-06 13:38:24,259 [feishu] INFO BASE_DIR=C:\Users\Administrator\AppData\Roaming\winclaw\.openclaw\workspace\smart_learning
2026-05-06 13:38:24,259 [feishu] INFO CONFIG_FILE=C:\Users\Administrator\AppData\Roaming\winclaw\.openclaw\workspace\smart_learning\feishu\config.json
2026-05-06 13:38:24,285 [feishu] INFO 飞书 Webhook 服务器启动: http://0.0.0.0:9900/feishu/webhook
2026-05-06 13:38:24,285 [feishu] INFO 健康检查: http://0.0.0.0:9900/feishu/health
2026-05-06 13:38:57,796 [feishu] INFO 日志已重定向到文件: C:\Users\Administrator\AppData\Roaming\winclaw\.openclaw\workspace\smart_learning\feishu\feishu_server.log
2026-05-06 13:38:57,796 [feishu] INFO FEISHU_DIR=C:\Users\Administrator\AppData\Roaming\winclaw\.openclaw\workspace\smart_learning\feishu
2026-05-06 13:38:57,796 [feishu] INFO BASE_DIR=C:\Users\Administrator\AppData\Roaming\winclaw\.openclaw\workspace\smart_learning
2026-05-06 13:38:57,796 [feishu] INFO CONFIG_FILE=C:\Users\Administrator\AppData\Roaming\winclaw\.openclaw\workspace\smart_learning\feishu\config.json
2026-05-06 13:38:57,825 [feishu] INFO 飞书 Webhook 服务器启动: http://0.0.0.0:9900/feishu/webhook
2026-05-06 13:38:57,825 [feishu] INFO 健康检查: http://0.0.0.0:9900/feishu/health
2026-05-06 13:39:15,407 [feishu] INFO 日志已重定向到文件: C:\Users\Administrator\AppData\Roaming\winclaw\.openclaw\workspace\smart_learning\feishu\feishu_server.log
2026-05-06 13:39:15,407 [feishu] INFO FEISHU_DIR=C:\Users\Administrator\AppData\Roaming\winclaw\.openclaw\workspace\smart_learning\feishu
2026-05-06 13:39:15,407 [feishu] INFO BASE_DIR=C:\Users\Administrator\AppData\Roaming\winclaw\.openclaw\workspace\smart_learning
2026-05-06 13:39:15,407 [feishu] INFO CONFIG_FILE=C:\Users\Administrator\AppData\Roaming\winclaw\.openclaw\workspace\smart_learning\feishu\config.json
2026-05-06 13:40:17,833 [feishu] INFO 日志已重定向到文件: C:\Users\Administrator\AppData\Roaming\winclaw\.openclaw\workspace\smart_learning\feishu\feishu_server.log
2026-05-06 13:40:17,833 [feishu] INFO FEISHU_DIR=C:\Users\Administrator\AppData\Roaming\winclaw\.openclaw\workspace\smart_learning\feishu
2026-05-06 13:40:17,833 [feishu] INFO BASE_DIR=C:\Users\Administrator\AppData\Roaming\winclaw\.openclaw\workspace\smart_learning
2026-05-06 13:40:17,833 [feishu] INFO CONFIG_FILE=C:\Users\Administrator\AppData\Roaming\winclaw\.openclaw\workspace\smart_learning\feishu\config.json
2026-05-06 13:40:29,562 [feishu] INFO 日志已重定向到文件: C:\Users\Administrator\AppData\Roaming\winclaw\.openclaw\workspace\smart_learning\feishu\feishu_server.log
2026-05-06 13:40:29,562 [feishu] INFO FEISHU_DIR=C:\Users\Administrator\AppData\Roaming\winclaw\.openclaw\workspace\smart_learning\feishu
2026-05-06 13:40:29,562 [feishu] INFO BASE_DIR=C:\Users\Administrator\AppData\Roaming\winclaw\.openclaw\workspace\smart_learning
2026-05-06 13:40:29,562 [feishu] INFO CONFIG_FILE=C:\Users\Administrator\AppData\Roaming\winclaw\.openclaw\workspace\smart_learning\feishu\config.json
2026-05-06 13:40:30,117 [feishu] INFO 飞书应用验证(GET): challenge=test_get_123
2026-05-06 13:40:30,117 [feishu] INFO "GET /feishu/webhook?challenge=test_get_123 HTTP/1.1" 200 -
2026-05-06 13:40:42,985 [feishu] INFO 日志已重定向到文件: C:\Users\Administrator\AppData\Roaming\winclaw\.openclaw\workspace\smart_learning\feishu\feishu_server.log
2026-05-06 13:40:42,985 [feishu] INFO FEISHU_DIR=C:\Users\Administrator\AppData\Roaming\winclaw\.openclaw\workspace\smart_learning\feishu
2026-05-06 13:40:42,985 [feishu] INFO BASE_DIR=C:\Users\Administrator\AppData\Roaming\winclaw\.openclaw\workspace\smart_learning
2026-05-06 13:40:42,985 [feishu] INFO CONFIG_FILE=C:\Users\Administrator\AppData\Roaming\winclaw\.openclaw\workspace\smart_learning\feishu\config.json
2026-05-06 13:40:43,577 [feishu] INFO 飞书应用验证(POST): challenge=test_post_challenge_456
2026-05-06 13:40:43,577 [feishu] INFO "POST /feishu/webhook HTTP/1.1" 200 -
2026-05-06 13:40:49,366 [feishu] INFO 日志已重定向到文件: C:\Users\Administrator\AppData\Roaming\winclaw\.openclaw\workspace\smart_learning\feishu\feishu_server.log
2026-05-06 13:40:49,368 [feishu] INFO FEISHU_DIR=C:\Users\Administrator\AppData\Roaming\winclaw\.openclaw\workspace\smart_learning\feishu
2026-05-06 13:40:49,368 [feishu] INFO BASE_DIR=C:\Users\Administrator\AppData\Roaming\winclaw\.openclaw\workspace\smart_learning
2026-05-06 13:40:49,368 [feishu] INFO CONFIG_FILE=C:\Users\Administrator\AppData\Roaming\winclaw\.openclaw\workspace\smart_learning\feishu\config.json
2026-05-06 13:40:49,447 [feishu] INFO 飞书 Webhook 服务器启动: http://0.0.0.0:9900/feishu/webhook
2026-05-06 13:40:49,448 [feishu] INFO 健康检查: http://0.0.0.0:9900/feishu/health
2026-05-06 13:41:39,467 [feishu] INFO 日志已重定向到文件: C:\Users\Administrator\AppData\Roaming\winclaw\.openclaw\workspace\smart_learning\feishu\feishu_server.log
2026-05-06 13:41:39,467 [feishu] INFO FEISHU_DIR=C:\Users\Administrator\AppData\Roaming\winclaw\.openclaw\workspace\smart_learning\feishu
2026-05-06 13:41:39,467 [feishu] INFO BASE_DIR=C:\Users\Administrator\AppData\Roaming\winclaw\.openclaw\workspace\smart_learning
2026-05-06 13:41:39,467 [feishu] INFO CONFIG_FILE=C:\Users\Administrator\AppData\Roaming\winclaw\.openclaw\workspace\smart_learning\feishu\config.json
2026-05-06 13:41:39,495 [feishu] INFO 飞书 Webhook 服务器启动: http://0.0.0.0:9900/feishu/webhook
2026-05-06 13:41:39,495 [feishu] INFO 健康检查: http://0.0.0.0:9900/feishu/health
2026-05-06 13:41:53,421 [feishu] INFO 日志已重定向到文件: C:\Users\Administrator\AppData\Roaming\winclaw\.openclaw\workspace\smart_learning\feishu\feishu_server.log
2026-05-06 13:41:53,424 [feishu] INFO FEISHU_DIR=C:\Users\Administrator\AppData\Roaming\winclaw\.openclaw\workspace\smart_learning\feishu
2026-05-06 13:41:53,424 [feishu] INFO BASE_DIR=C:\Users\Administrator\AppData\Roaming\winclaw\.openclaw\workspace\smart_learning
2026-05-06 13:41:53,424 [feishu] INFO CONFIG_FILE=C:\Users\Administrator\AppData\Roaming\winclaw\.openclaw\workspace\smart_learning\feishu\config.json
2026-05-06 13:41:53,466 [feishu] INFO 飞书 Webhook 服务器启动: http://0.0.0.0:9900/feishu/webhook
2026-05-06 13:41:53,468 [feishu] INFO 健康检查: http://0.0.0.0:9900/feishu/health
2026-05-06 13:42:07,160 [feishu] INFO 飞书应用验证(GET): challenge=test123
2026-05-06 13:42:07,160 [feishu] INFO "GET /feishu/webhook?challenge=test123 HTTP/1.1" 200 -
2026-05-06 13:42:49,232 [feishu] INFO "GET /feishu/health HTTP/1.1" 200 -
2026-05-06 13:46:12,658 [feishu] INFO 飞书应用验证(POST): challenge=test123456
2026-05-06 13:46:12,660 [feishu] INFO "POST /feishu/webhook HTTP/1.1" 200 -
2026-05-06 13:46:12,662 [feishu] INFO 飞书应用验证(POST): challenge=test123456
2026-05-06 13:46:12,662 [feishu] INFO "POST /feishu/webhook HTTP/1.1" 200 -
2026-05-06 13:46:12,664 [feishu] INFO 飞书应用验证(POST): challenge=test123456
2026-05-06 13:46:12,664 [feishu] INFO "POST /feishu/webhook HTTP/1.1" 200 -
2026-05-06 13:46:12,666 [feishu] INFO 飞书应用验证(POST): challenge=test123456
2026-05-06 13:46:12,666 [feishu] INFO "POST /feishu/webhook HTTP/1.1" 200 -
2026-05-06 13:48:19,044 [feishu] INFO 飞书应用验证(POST): challenge=test_from_feishu
2026-05-06 13:48:19,045 [feishu] INFO "POST /feishu/webhook HTTP/1.1" 200 -
2026-05-06 13:49:17,719 [feishu] INFO 飞书应用验证(GET): challenge=test123
2026-05-06 13:49:17,719 [feishu] INFO "GET /feishu/webhook?challenge=test123 HTTP/1.1" 200 -
2026-05-06 13:51:38,079 [feishu] INFO 飞书应用验证(POST): challenge=challenge_123456
2026-05-06 13:51:38,079 [feishu] INFO "POST /feishu/webhook HTTP/1.1" 200 -
2026-05-06 13:51:38,086 [feishu] WARNING 飞书事件签名验证失败
2026-05-06 13:51:38,086 [feishu] INFO "POST /feishu/webhook HTTP/1.1" 403 -
2026-05-06 13:51:38,094 [feishu] WARNING 飞书事件签名验证失败
2026-05-06 13:51:38,094 [feishu] INFO "POST /feishu/webhook HTTP/1.1" 403 -
2026-05-06 13:52:46,113 [feishu] INFO 日志已重定向到文件: C:\Users\Administrator\AppData\Roaming\winclaw\.openclaw\workspace\smart_learning\feishu\feishu_server.log
2026-05-06 13:52:46,115 [feishu] INFO FEISHU_DIR=C:\Users\Administrator\AppData\Roaming\winclaw\.openclaw\workspace\smart_learning\feishu
2026-05-06 13:52:46,115 [feishu] INFO BASE_DIR=C:\Users\Administrator\AppData\Roaming\winclaw\.openclaw\workspace\smart_learning
2026-05-06 13:52:46,115 [feishu] INFO CONFIG_FILE=C:\Users\Administrator\AppData\Roaming\winclaw\.openclaw\workspace\smart_learning\feishu\config.json
2026-05-06 13:52:46,146 [feishu] INFO 飞书 Webhook 服务器启动: http://0.0.0.0:9900/feishu/webhook
2026-05-06 13:52:46,146 [feishu] INFO 健康检查: http://0.0.0.0:9900/feishu/health
2026-05-06 13:54:18,585 [feishu] INFO 日志已重定向到文件: C:\Users\Administrator\AppData\Roaming\winclaw\.openclaw\workspace\smart_learning\feishu\feishu_server.log
2026-05-06 13:54:18,585 [feishu] INFO FEISHU_DIR=C:\Users\Administrator\AppData\Roaming\winclaw\.openclaw\workspace\smart_learning\feishu
2026-05-06 13:54:18,585 [feishu] INFO BASE_DIR=C:\Users\Administrator\AppData\Roaming\winclaw\.openclaw\workspace\smart_learning
2026-05-06 13:54:18,585 [feishu] INFO CONFIG_FILE=C:\Users\Administrator\AppData\Roaming\winclaw\.openclaw\workspace\smart_learning\feishu\config.json
2026-05-06 13:54:18,627 [feishu] INFO 飞书 Webhook 服务器启动: http://0.0.0.0:9900/feishu/webhook
2026-05-06 13:54:18,627 [feishu] INFO 健康检查: http://0.0.0.0:9900/feishu/health
2026-05-06 13:54:45,645 [feishu] INFO 飞书应用验证(POST): challenge=challenge_123456
2026-05-06 13:54:45,647 [feishu] INFO "POST /feishu/webhook HTTP/1.1" 200 -
2026-05-06 13:54:45,652 [feishu] INFO 飞书应用验证(POST, 加密模式): encrypt=encrypt_test_abc...
2026-05-06 13:54:45,652 [feishu] INFO "POST /feishu/webhook HTTP/1.1" 200 -
2026-05-06 13:54:45,658 [feishu] INFO 飞书应用验证(POST, 加密模式): encrypt=encrypt_test_xyz...
2026-05-06 13:54:45,658 [feishu] INFO "POST /feishu/webhook HTTP/1.1" 200 -
2026-05-06 14:03:02,591 [feishu] INFO 飞书应用验证(POST): challenge=2bc21365-734e-4753-aec2-24577b01dc6d
2026-05-06 14:03:02,591 [feishu] INFO "POST /feishu/webhook HTTP/1.1" 200 -
2026-05-06 14:03:27,906 [feishu] INFO 飞书应用验证(POST): challenge=e7726c1c-5cf8-4546-a13e-a8720fdefbb3
2026-05-06 14:03:27,906 [feishu] INFO "POST /feishu/webhook HTTP/1.1" 200 -
2026-05-06 14:06:36,079 [feishu] WARNING 飞书事件签名验证失败
2026-05-06 14:06:36,079 [feishu] INFO "POST /feishu/webhook HTTP/1.1" 403 -
2026-05-06 14:06:51,308 [feishu] WARNING 飞书事件签名验证失败
2026-05-06 14:06:51,308 [feishu] INFO "POST /feishu/webhook HTTP/1.1" 403 -
2026-05-06 14:11:02,099 [feishu] WARNING 飞书事件签名验证失败
2026-05-06 14:11:02,099 [feishu] INFO "POST /feishu/webhook HTTP/1.1" 403 -
2026-05-06 14:11:51,175 [feishu] WARNING 飞书事件签名验证失败
2026-05-06 14:11:51,175 [feishu] INFO "POST /feishu/webhook HTTP/1.1" 403 -
2026-05-06 14:16:08,622 [feishu] WARNING 飞书事件签名验证失败
2026-05-06 14:16:08,624 [feishu] INFO "POST /feishu/webhook HTTP/1.1" 403 -
2026-05-06 14:16:25,091 [feishu] WARNING 飞书事件签名验证失败
2026-05-06 14:16:25,091 [feishu] INFO "POST /feishu/webhook HTTP/1.1" 403 -
2026-05-06 14:21:25,379 [feishu] WARNING 飞书事件签名验证失败
2026-05-06 14:21:25,379 [feishu] INFO "POST /feishu/webhook HTTP/1.1" 403 -
2026-05-06 14:28:20,922 [feishu] INFO "GET /feishu/health HTTP/1.1" 200 -
2026-05-06 15:11:51,193 [feishu] WARNING 飞书事件签名验证失败
2026-05-06 15:11:51,193 [feishu] INFO "POST /feishu/webhook HTTP/1.1" 403 -
2026-05-06 15:21:25,165 [feishu] WARNING 飞书事件签名验证失败
2026-05-06 15:21:25,166 [feishu] INFO "POST /feishu/webhook HTTP/1.1" 403 -
2026-05-06 15:50:27,120 [feishu] INFO "GET /feishu/health HTTP/1.1" 200 -
2026-05-06 15:50:50,606 [feishu] INFO "GET /feishu/health HTTP/1.1" 200 -
